|  TACT  |   AC   |   DR   |   CR   |   IP   |   AR   |
|00000003|00000000|0000F000|0000F000|00000008|00000007|
|0000000a|00000000|003D0900|00003002|0000000A|00000002|
|0000000e|00000000|0000F200|0000F200|0000000B|0000000A|
|00000015|003D0900|003D0900|00001003|0000000C|00000003|
|0000001b|003D0900|003D0900|00005002|0000000D|00000002|
|0000001f|00000000|0000F200|0000F200|0000000E|0000000D|
|00000026|00000000|00000000|00001000|0000000F|00000000|
|0000002d|00000000|00000000|00001004|00000010|00000004|
|00000033|00000000|00000000|00005000|00000011|00000000|
|00000037|00000000|0000F200|0000F200|00000012|00000011|
|0000003c|00000003|00000003|00001803|00000013|00000012|
|00000042|00000003|00000003|00005006|00000014|00000006|
|00000049|00000003|00000003|00003006|00000016|00000006|
|0000004d|00000000|0000F200|0000F200|00000017|00000016|
|00000054|00000000|00000000|00001004|00000018|00000004|
|0000005a|00000000|00000000|00005001|00000019|00000001|
|0000005e|00000000|0000F200|0000F200|0000001A|00000019|
|00000065|00000001|00000001|00001005|0000001B|00000005|
|0000006b|00000001|00000001|00005004|0000001C|00000004|
|0000006f|00000000|0000F200|0000F200|0000001D|0000001C|
|00000076|00000001|00000001|00001005|0000001E|00000005|
|0000007d|00000001|00000000|00001001|0000001F|00000001|
|00000083|00000001|00000001|00005005|00000020|00000005|
|0000008a|00000003|00000003|00004006|00000021|00000006|
|0000008e|00000002|0000F400|0000F400|00000022|00000021|
|00000094|00000002|00000002|00005006|00000023|00000006|
|00000098|00000002|00000014|00006014|00000014|00000023|
|0000009f|00000002|00000002|00003006|00000016|00000006|
|000000a3|00000000|0000F200|0000F200|00000017|00000016|
|000000aa|00000001|00000001|00001004|00000018|00000004|
|000000b0|00000001|00000001|00005001|00000019|00000001|
|000000b4|00000000|0000F200|0000F200|0000001A|00000019|
|000000bb|00000001|00000001|00001005|0000001B|00000005|
|000000c1|00000001|00000001|00005004|0000001C|00000004|
|000000c5|00000000|0000F200|0000F200|0000001D|0000001C|
|000000cc|00000001|00000001|00001005|0000001E|00000005|
|000000d3|00000002|00000001|00001001|0000001F|00000001|
|000000d9|00000002|00000002|00005005|00000020|00000005|
|000000e0|00000002|00000002|00004006|00000021|00000006|
|000000e4|00000001|0000F400|0000F400|00000022|00000021|
|000000ea|00000001|00000001|00005006|00000023|00000006|
|000000ee|00000001|00000014|00006014|00000014|00000023|
|000000f5|00000001|00000001|00003006|00000016|00000006|
|000000f9|00000000|0000F200|0000F200|00000017|00000016|
|00000100|00000001|00000001|00001004|00000018|00000004|
|00000106|00000001|00000001|00005001|00000019|00000001|
|0000010a|00000000|0000F200|0000F200|0000001A|00000019|
|00000111|00000002|00000002|00001005|0000001B|00000005|
|00000117|00000002|00000002|00005004|0000001C|00000004|
|0000011b|00000000|0000F200|0000F200|0000001D|0000001C|
|00000122|00000002|00000002|00001005|0000001E|00000005|
|00000129|00000003|00000001|00001001|0000001F|00000001|
|0000012f|00000003|00000003|00005005|00000020|00000005|
|00000136|00000001|00000001|00004006|00000021|00000006|
|0000013a|00000000|0000F400|0000F400|00000022|00000021|
|00000140|00000000|00000000|00005006|00000023|00000006|
|00000144|00000000|00000014|00006014|00000014|00000023|
|0000014b|00000000|00000000|00003006|00000015|00000006|
|0000014f|00000000|00000024|00006024|00000024|00000015|
|00000152|00000000|0000F000|0000F000|00000025|00000024|
|00000156|00000000|0000F200|0000F200|00000026|00000025|
|0000015d|003D0900|003D0900|00001002|00000027|00000002|
|00000164|003D08FE|00000002|00002004|00000028|00000004|
|0000016a|003D08FE|003D08FE|00005002|00000029|00000002|
|0000016e|003D08FE|00000008|00006008|00000008|00000029|
|00000175|003D08FE|003D08FE|00003002|0000000A|00000002|
|00000179|00000000|0000F200|0000F200|0000000B|0000000A|
|00000180|003D0900|003D0900|00001003|0000000C|00000003|
|00000186|003D0900|003D0900|00005002|0000000D|00000002|
|0000018a|00000000|0000F200|0000F200|0000000E|0000000D|
|00000191|00000000|00000000|00001000|0000000F|00000000|
|00000198|00000002|00000002|00001004|00000010|00000004|
|0000019e|00000002|00000002|00005000|00000011|00000000|
|000001a2|00000000|0000F200|0000F200|00000012|00000011|
|000001a7|00000003|00000003|00001803|00000013|00000012|
|000001ad|00000003|00000003|00005006|00000014|00000006|
|000001b4|00000003|00000003|00003006|00000016|00000006|
|000001b8|00000000|0000F200|0000F200|00000017|00000016|
|000001bf|00000002|00000002|00001004|00000018|00000004|
|000001c5|00000002|00000002|00005001|00000019|00000001|
|000001c9|00000000|0000F200|0000F200|0000001A|00000019|
|000001d0|00000003|00000003|00001005|0000001B|00000005|
|000001d6|00000003|00000003|00005004|0000001C|00000004|
|000001da|00000000|0000F200|0000F200|0000001D|0000001C|
|000001e1|00000003|00000003|00001005|0000001E|00000005|
|000001e8|00000005|00000002|00001001|0000001F|00000001|
|000001ee|00000005|00000005|00005005|00000020|00000005|
|000001f5|00000003|00000003|00004006|00000021|00000006|
|000001f9|00000002|0000F400|0000F400|00000022|00000021|
|000001ff|00000002|00000002|00005006|00000023|00000006|
|00000203|00000002|00000014|00006014|00000014|00000023|
|0000020a|00000002|00000002|00003006|00000016|00000006|
|0000020e|00000000|0000F200|0000F200|00000017|00000016|
|00000215|00000003|00000003|00001004|00000018|00000004|
|0000021b|00000003|00000003|00005001|00000019|00000001|
|0000021f|00000000|0000F200|0000F200|0000001A|00000019|
|00000226|00000005|00000005|00001005|0000001B|00000005|
|0000022c|00000005|00000005|00005004|0000001C|00000004|
|00000230|00000000|0000F200|0000F200|0000001D|0000001C|
|00000237|00000005|00000005|00001005|0000001E|00000005|
|0000023e|00000008|00000003|00001001|0000001F|00000001|
|00000244|00000008|00000008|00005005|00000020|00000005|
|0000024b|00000002|00000002|00004006|00000021|00000006|
|0000024f|00000001|0000F400|0000F400|00000022|00000021|
|00000255|00000001|00000001|00005006|00000023|00000006|
|00000259|00000001|00000014|00006014|00000014|00000023|
|00000260|00000001|00000001|00003006|00000016|00000006|
|00000264|00000000|0000F200|0000F200|00000017|00000016|
|0000026b|00000005|00000005|00001004|00000018|00000004|
|00000271|00000005|00000005|00005001|00000019|00000001|
|00000275|00000000|0000F200|0000F200|0000001A|00000019|
|0000027c|00000008|00000008|00001005|0000001B|00000005|
|00000282|00000008|00000008|00005004|0000001C|00000004|
|00000286|00000000|0000F200|0000F200|0000001D|0000001C|
|0000028d|00000008|00000008|00001005|0000001E|00000005|
|00000294|0000000D|00000005|00001001|0000001F|00000001|
|0000029a|0000000D|0000000D|00005005|00000020|00000005|
|000002a1|00000001|00000001|00004006|00000021|00000006|
|000002a5|00000000|0000F400|0000F400|00000022|00000021|
|000002ab|00000000|00000000|00005006|00000023|00000006|
|000002af|00000000|00000014|00006014|00000014|00000023|
|000002b6|00000000|00000000|00003006|00000015|00000006|
|000002ba|00000000|00000024|00006024|00000024|00000015|
|000002bd|00000000|0000F000|0000F000|00000025|00000024|
|000002c1|00000000|0000F200|0000F200|00000026|00000025|
|000002c8|003D0900|003D0900|00001002|00000027|00000002|
|000002cf|003D08F8|00000008|00002004|00000028|00000004|
|000002d5|003D08F8|003D08F8|00005002|00000029|00000002|
|000002d9|003D08F8|00000008|00006008|00000008|00000029|
|000002e0|003D08F8|003D08F8|00003002|0000000A|00000002|
|000002e4|00000000|0000F200|0000F200|0000000B|0000000A|
|000002eb|003D0900|003D0900|00001003|0000000C|00000003|
|000002f1|003D0900|003D0900|00005002|0000000D|00000002|
|000002f5|00000000|0000F200|0000F200|0000000E|0000000D|
|000002fc|00000002|00000002|00001000|0000000F|00000000|
|00000303|0000000A|00000008|00001004|00000010|00000004|
|00000309|0000000A|0000000A|00005000|00000011|00000000|
|0000030d|00000000|0000F200|0000F200|00000012|00000011|
|00000312|00000003|00000003|00001803|00000013|00000012|
|00000318|00000003|00000003|00005006|00000014|00000006|
|0000031f|00000003|00000003|00003006|00000016|00000006|
|00000323|00000000|0000F200|0000F200|00000017|00000016|
|0000032a|00000008|00000008|00001004|00000018|00000004|
|00000330|00000008|00000008|00005001|00000019|00000001|
|00000334|00000000|0000F200|0000F200|0000001A|00000019|
|0000033b|0000000D|0000000D|00001005|0000001B|00000005|
|00000341|0000000D|0000000D|00005004|0000001C|00000004|
|00000345|00000000|0000F200|0000F200|0000001D|0000001C|
|0000034c|0000000D|0000000D|00001005|0000001E|00000005|
|00000353|00000015|00000008|00001001|0000001F|00000001|
|00000359|00000015|00000015|00005005|00000020|00000005|
|00000360|00000003|00000003|00004006|00000021|00000006|
|00000364|00000002|0000F400|0000F400|00000022|00000021|
|0000036a|00000002|00000002|00005006|00000023|00000006|
|0000036e|00000002|00000014|00006014|00000014|00000023|
|00000375|00000002|00000002|00003006|00000016|00000006|
|00000379|00000000|0000F200|0000F200|00000017|00000016|
|00000380|0000000D|0000000D|00001004|00000018|00000004|
|00000386|0000000D|0000000D|00005001|00000019|00000001|
|0000038a|00000000|0000F200|0000F200|0000001A|00000019|
|00000391|00000015|00000015|00001005|0000001B|00000005|
|00000397|00000015|00000015|00005004|0000001C|00000004|
|0000039b|00000000|0000F200|0000F200|0000001D|0000001C|
|000003a2|00000015|00000015|00001005|0000001E|00000005|
|000003a9|00000022|0000000D|00001001|0000001F|00000001|
|000003af|00000022|00000022|00005005|00000020|00000005|
|000003b6|00000002|00000002|00004006|00000021|00000006|
|000003ba|00000001|0000F400|0000F400|00000022|00000021|
|000003c0|00000001|00000001|00005006|00000023|00000006|
|000003c4|00000001|00000014|00006014|00000014|00000023|
|000003cb|00000001|00000001|00003006|00000016|00000006|
|000003cf|00000000|0000F200|0000F200|00000017|00000016|
|000003d6|00000015|00000015|00001004|00000018|00000004|
|000003dc|00000015|00000015|00005001|00000019|00000001|
|000003e0|00000000|0000F200|0000F200|0000001A|00000019|
|000003e7|00000022|00000022|00001005|0000001B|00000005|
|000003ed|00000022|00000022|00005004|0000001C|00000004|
|000003f1|00000000|0000F200|0000F200|0000001D|0000001C|
|000003f8|00000022|00000022|00001005|0000001E|00000005|
|000003ff|00000037|00000015|00001001|0000001F|00000001|
|00000405|00000037|00000037|00005005|00000020|00000005|
|0000040c|00000001|00000001|00004006|00000021|00000006|
|00000410|00000000|0000F400|0000F400|00000022|00000021|
|00000416|00000000|00000000|00005006|00000023|00000006|
|0000041a|00000000|00000014|00006014|00000014|00000023|
|00000421|00000000|00000000|00003006|00000015|00000006|
|00000425|00000000|00000024|00006024|00000024|00000015|
|00000428|00000000|0000F000|0000F000|00000025|00000024|
|0000042c|00000000|0000F200|0000F200|00000026|00000025|
|00000433|003D0900|003D0900|00001002|00000027|00000002|
|0000043a|003D08DE|00000022|00002004|00000028|00000004|
|00000440|003D08DE|003D08DE|00005002|00000029|00000002|
|00000444|003D08DE|00000008|00006008|00000008|00000029|
|0000044b|003D08DE|003D08DE|00003002|0000000A|00000002|
|0000044f|00000000|0000F200|0000F200|0000000B|0000000A|
|00000456|003D0900|003D0900|00001003|0000000C|00000003|
|0000045c|003D0900|003D0900|00005002|0000000D|00000002|
|00000460|00000000|0000F200|0000F200|0000000E|0000000D|
|00000467|0000000A|0000000A|00001000|0000000F|00000000|
|0000046e|0000002C|00000022|00001004|00000010|00000004|
|00000474|0000002C|0000002C|00005000|00000011|00000000|
|00000478|00000000|0000F200|0000F200|00000012|00000011|
|0000047d|00000003|00000003|00001803|00000013|00000012|
|00000483|00000003|00000003|00005006|00000014|00000006|
|0000048a|00000003|00000003|00003006|00000016|00000006|
|0000048e|00000000|0000F200|0000F200|00000017|00000016|
|00000495|00000022|00000022|00001004|00000018|00000004|
|0000049b|00000022|00000022|00005001|00000019|00000001|
|0000049f|00000000|0000F200|0000F200|0000001A|00000019|
|000004a6|00000037|00000037|00001005|0000001B|00000005|
|000004ac|00000037|00000037|00005004|0000001C|00000004|
|000004b0|00000000|0000F200|0000F200|0000001D|0000001C|
|000004b7|00000037|00000037|00001005|0000001E|00000005|
|000004be|00000059|00000022|00001001|0000001F|00000001|
|000004c4|00000059|00000059|00005005|00000020|00000005|
|000004cb|00000003|00000003|00004006|00000021|00000006|
|000004cf|00000002|0000F400|0000F400|00000022|00000021|
|000004d5|00000002|00000002|00005006|00000023|00000006|
|000004d9|00000002|00000014|00006014|00000014|00000023|
|000004e0|00000002|00000002|00003006|00000016|00000006|
|000004e4|00000000|0000F200|0000F200|00000017|00000016|
|000004eb|00000037|00000037|00001004|00000018|00000004|
|000004f1|00000037|00000037|00005001|00000019|00000001|
|000004f5|00000000|0000F200|0000F200|0000001A|00000019|
|000004fc|00000059|00000059|00001005|0000001B|00000005|
|00000502|00000059|00000059|00005004|0000001C|00000004|
|00000506|00000000|0000F200|0000F200|0000001D|0000001C|
|0000050d|00000059|00000059|00001005|0000001E|00000005|
|00000514|00000090|00000037|00001001|0000001F|00000001|
|0000051a|00000090|00000090|00005005|00000020|00000005|
|00000521|00000002|00000002|00004006|00000021|00000006|
|00000525|00000001|0000F400|0000F400|00000022|00000021|
|0000052b|00000001|00000001|00005006|00000023|00000006|
|0000052f|00000001|00000014|00006014|00000014|00000023|
|00000536|00000001|00000001|00003006|00000016|00000006|
|0000053a|00000000|0000F200|0000F200|00000017|00000016|
|00000541|00000059|00000059|00001004|00000018|00000004|
|00000547|00000059|00000059|00005001|00000019|00000001|
|0000054b|00000000|0000F200|0000F200|0000001A|00000019|
|00000552|00000090|00000090|00001005|0000001B|00000005|
|00000558|00000090|00000090|00005004|0000001C|00000004|
|0000055c|00000000|0000F200|0000F200|0000001D|0000001C|
|00000563|00000090|00000090|00001005|0000001E|00000005|
|0000056a|000000E9|00000059|00001001|0000001F|00000001|
|00000570|000000E9|000000E9|00005005|00000020|00000005|
|00000577|00000001|00000001|00004006|00000021|00000006|
|0000057b|00000000|0000F400|0000F400|00000022|00000021|
|00000581|00000000|00000000|00005006|00000023|00000006|
|00000585|00000000|00000014|00006014|00000014|00000023|
|0000058c|00000000|00000000|00003006|00000015|00000006|
|00000590|00000000|00000024|00006024|00000024|00000015|
|00000593|00000000|0000F000|0000F000|00000025|00000024|
|00000597|00000000|0000F200|0000F200|00000026|00000025|
|0000059e|003D0900|003D0900|00001002|00000027|00000002|
|000005a5|003D0870|00000090|00002004|00000028|00000004|
|000005ab|003D0870|003D0870|00005002|00000029|00000002|
|000005af|003D0870|00000008|00006008|00000008|00000029|
|000005b6|003D0870|003D0870|00003002|0000000A|00000002|
|000005ba|00000000|0000F200|0000F200|0000000B|0000000A|
|000005c1|003D0900|003D0900|00001003|0000000C|00000003|
|000005c7|003D0900|003D0900|00005002|0000000D|00000002|
|000005cb|00000000|0000F200|0000F200|0000000E|0000000D|
|000005d2|0000002C|0000002C|00001000|0000000F|00000000|
|000005d9|000000BC|00000090|00001004|00000010|00000004|
|000005df|000000BC|000000BC|00005000|00000011|00000000|
|000005e3|00000000|0000F200|0000F200|00000012|00000011|
|000005e8|00000003|00000003|00001803|00000013|00000012|
|000005ee|00000003|00000003|00005006|00000014|00000006|
|000005f5|00000003|00000003|00003006|00000016|00000006|
|000005f9|00000000|0000F200|0000F200|00000017|00000016|
|00000600|00000090|00000090|00001004|00000018|00000004|
|00000606|00000090|00000090|00005001|00000019|00000001|
|0000060a|00000000|0000F200|0000F200|0000001A|00000019|
|00000611|000000E9|000000E9|00001005|0000001B|00000005|
|00000617|000000E9|000000E9|00005004|0000001C|00000004|
|0000061b|00000000|0000F200|0000F200|0000001D|0000001C|
|00000622|000000E9|000000E9|00001005|0000001E|00000005|
|00000629|00000179|00000090|00001001|0000001F|00000001|
|0000062f|00000179|00000179|00005005|00000020|00000005|
|00000636|00000003|00000003|00004006|00000021|00000006|
|0000063a|00000002|0000F400|0000F400|00000022|00000021|
|00000640|00000002|00000002|00005006|00000023|00000006|
|00000644|00000002|00000014|00006014|00000014|00000023|
|0000064b|00000002|00000002|00003006|00000016|00000006|
|0000064f|00000000|0000F200|0000F200|00000017|00000016|
|00000656|000000E9|000000E9|00001004|00000018|00000004|
|0000065c|000000E9|000000E9|00005001|00000019|00000001|
|00000660|00000000|0000F200|0000F200|0000001A|00000019|
|00000667|00000179|00000179|00001005|0000001B|00000005|
|0000066d|00000179|00000179|00005004|0000001C|00000004|
|00000671|00000000|0000F200|0000F200|0000001D|0000001C|
|00000678|00000179|00000179|00001005|0000001E|00000005|
|0000067f|00000262|000000E9|00001001|0000001F|00000001|
|00000685|00000262|00000262|00005005|00000020|00000005|
|0000068c|00000002|00000002|00004006|00000021|00000006|
|00000690|00000001|0000F400|0000F400|00000022|00000021|
|00000696|00000001|00000001|00005006|00000023|00000006|
|0000069a|00000001|00000014|00006014|00000014|00000023|
|000006a1|00000001|00000001|00003006|00000016|00000006|
|000006a5|00000000|0000F200|0000F200|00000017|00000016|
|000006ac|00000179|00000179|00001004|00000018|00000004|
|000006b2|00000179|00000179|00005001|00000019|00000001|
|000006b6|00000000|0000F200|0000F200|0000001A|00000019|
|000006bd|00000262|00000262|00001005|0000001B|00000005|
|000006c3|00000262|00000262|00005004|0000001C|00000004|
|000006c7|00000000|0000F200|0000F200|0000001D|0000001C|
|000006ce|00000262|00000262|00001005|0000001E|00000005|
|000006d5|000003DB|00000179|00001001|0000001F|00000001|
|000006db|000003DB|000003DB|00005005|00000020|00000005|
|000006e2|00000001|00000001|00004006|00000021|00000006|
|000006e6|00000000|0000F400|0000F400|00000022|00000021|
|000006ec|00000000|00000000|00005006|00000023|00000006|
|000006f0|00000000|00000014|00006014|00000014|00000023|
|000006f7|00000000|00000000|00003006|00000015|00000006|
|000006fb|00000000|00000024|00006024|00000024|00000015|
|000006fe|00000000|0000F000|0000F000|00000025|00000024|
|00000702|00000000|0000F200|0000F200|00000026|00000025|
|00000709|003D0900|003D0900|00001002|00000027|00000002|
|00000710|003D069E|00000262|00002004|00000028|00000004|
|00000716|003D069E|003D069E|00005002|00000029|00000002|
|0000071a|003D069E|00000008|00006008|00000008|00000029|
|00000721|003D069E|003D069E|00003002|0000000A|00000002|
|00000725|00000000|0000F200|0000F200|0000000B|0000000A|
|0000072c|003D0900|003D0900|00001003|0000000C|00000003|
|00000732|003D0900|003D0900|00005002|0000000D|00000002|
|00000736|00000000|0000F200|0000F200|0000000E|0000000D|
|0000073d|000000BC|000000BC|00001000|0000000F|00000000|
|00000744|0000031E|00000262|00001004|00000010|00000004|
|0000074a|0000031E|0000031E|00005000|00000011|00000000|
|0000074e|00000000|0000F200|0000F200|00000012|00000011|
|00000753|00000003|00000003|00001803|00000013|00000012|
|00000759|00000003|00000003|00005006|00000014|00000006|
|00000760|00000003|00000003|00003006|00000016|00000006|
|00000764|00000000|0000F200|0000F200|00000017|00000016|
|0000076b|00000262|00000262|00001004|00000018|00000004|
|00000771|00000262|00000262|00005001|00000019|00000001|
|00000775|00000000|0000F200|0000F200|0000001A|00000019|
|0000077c|000003DB|000003DB|00001005|0000001B|00000005|
|00000782|000003DB|000003DB|00005004|0000001C|00000004|
|00000786|00000000|0000F200|0000F200|0000001D|0000001C|
|0000078d|000003DB|000003DB|00001005|0000001E|00000005|
|00000794|0000063D|00000262|00001001|0000001F|00000001|
|0000079a|0000063D|0000063D|00005005|00000020|00000005|
|000007a1|00000003|00000003|00004006|00000021|00000006|
|000007a5|00000002|0000F400|0000F400|00000022|00000021|
|000007ab|00000002|00000002|00005006|00000023|00000006|
|000007af|00000002|00000014|00006014|00000014|00000023|
|000007b6|00000002|00000002|00003006|00000016|00000006|
|000007ba|00000000|0000F200|0000F200|00000017|00000016|
|000007c1|000003DB|000003DB|00001004|00000018|00000004|
|000007c7|000003DB|000003DB|00005001|00000019|00000001|
|000007cb|00000000|0000F200|0000F200|0000001A|00000019|
|000007d2|0000063D|0000063D|00001005|0000001B|00000005|
|000007d8|0000063D|0000063D|00005004|0000001C|00000004|
|000007dc|00000000|0000F200|0000F200|0000001D|0000001C|
|000007e3|0000063D|0000063D|00001005|0000001E|00000005|
|000007ea|00000A18|000003DB|00001001|0000001F|00000001|
|000007f0|00000A18|00000A18|00005005|00000020|00000005|
|000007f7|00000002|00000002|00004006|00000021|00000006|
|000007fb|00000001|0000F400|0000F400|00000022|00000021|
|00000801|00000001|00000001|00005006|00000023|00000006|
|00000805|00000001|00000014|00006014|00000014|00000023|
|0000080c|00000001|00000001|00003006|00000016|00000006|
|00000810|00000000|0000F200|0000F200|00000017|00000016|
|00000817|0000063D|0000063D|00001004|00000018|00000004|
|0000081d|0000063D|0000063D|00005001|00000019|00000001|
|00000821|00000000|0000F200|0000F200|0000001A|00000019|
|00000828|00000A18|00000A18|00001005|0000001B|00000005|
|0000082e|00000A18|00000A18|00005004|0000001C|00000004|
|00000832|00000000|0000F200|0000F200|0000001D|0000001C|
|00000839|00000A18|00000A18|00001005|0000001E|00000005|
|00000840|00001055|0000063D|00001001|0000001F|00000001|
|00000846|00001055|00001055|00005005|00000020|00000005|
|0000084d|00000001|00000001|00004006|00000021|00000006|
|00000851|00000000|0000F400|0000F400|00000022|00000021|
|00000857|00000000|00000000|00005006|00000023|00000006|
|0000085b|00000000|00000014|00006014|00000014|00000023|
|00000862|00000000|00000000|00003006|00000015|00000006|
|00000866|00000000|00000024|00006024|00000024|00000015|
|00000869|00000000|0000F000|0000F000|00000025|00000024|
|0000086d|00000000|0000F200|0000F200|00000026|00000025|
|00000874|003D0900|003D0900|00001002|00000027|00000002|
|0000087b|003CFEE8|00000A18|00002004|00000028|00000004|
|00000881|003CFEE8|003CFEE8|00005002|00000029|00000002|
|00000885|003CFEE8|00000008|00006008|00000008|00000029|
|0000088c|003CFEE8|003CFEE8|00003002|0000000A|00000002|
|00000890|00000000|0000F200|0000F200|0000000B|0000000A|
|00000897|003D0900|003D0900|00001003|0000000C|00000003|
|0000089d|003D0900|003D0900|00005002|0000000D|00000002|
|000008a1|00000000|0000F200|0000F200|0000000E|0000000D|
|000008a8|0000031E|0000031E|00001000|0000000F|00000000|
|000008af|00000D36|00000A18|00001004|00000010|00000004|
|000008b5|00000D36|00000D36|00005000|00000011|00000000|
|000008b9|00000000|0000F200|0000F200|00000012|00000011|
|000008be|00000003|00000003|00001803|00000013|00000012|
|000008c4|00000003|00000003|00005006|00000014|00000006|
|000008cb|00000003|00000003|00003006|00000016|00000006|
|000008cf|00000000|0000F200|0000F200|00000017|00000016|
|000008d6|00000A18|00000A18|00001004|00000018|00000004|
|000008dc|00000A18|00000A18|00005001|00000019|00000001|
|000008e0|00000000|0000F200|0000F200|0000001A|00000019|
|000008e7|00001055|00001055|00001005|0000001B|00000005|
|000008ed|00001055|00001055|00005004|0000001C|00000004|
|000008f1|00000000|0000F200|0000F200|0000001D|0000001C|
|000008f8|00001055|00001055|00001005|0000001E|00000005|
|000008ff|00001A6D|00000A18|00001001|0000001F|00000001|
|00000905|00001A6D|00001A6D|00005005|00000020|00000005|
|0000090c|00000003|00000003|00004006|00000021|00000006|
|00000910|00000002|0000F400|0000F400|00000022|00000021|
|00000916|00000002|00000002|00005006|00000023|00000006|
|0000091a|00000002|00000014|00006014|00000014|00000023|
|00000921|00000002|00000002|00003006|00000016|00000006|
|00000925|00000000|0000F200|0000F200|00000017|00000016|
|0000092c|00001055|00001055|00001004|00000018|00000004|
|00000932|00001055|00001055|00005001|00000019|00000001|
|00000936|00000000|0000F200|0000F200|0000001A|00000019|
|0000093d|00001A6D|00001A6D|00001005|0000001B|00000005|
|00000943|00001A6D|00001A6D|00005004|0000001C|00000004|
|00000947|00000000|0000F200|0000F200|0000001D|0000001C|
|0000094e|00001A6D|00001A6D|00001005|0000001E|00000005|
|00000955|00002AC2|00001055|00001001|0000001F|00000001|
|0000095b|00002AC2|00002AC2|00005005|00000020|00000005|
|00000962|00000002|00000002|00004006|00000021|00000006|
|00000966|00000001|0000F400|0000F400|00000022|00000021|
|0000096c|00000001|00000001|00005006|00000023|00000006|
|00000970|00000001|00000014|00006014|00000014|00000023|
|00000977|00000001|00000001|00003006|00000016|00000006|
|0000097b|00000000|0000F200|0000F200|00000017|00000016|
|00000982|00001A6D|00001A6D|00001004|00000018|00000004|
|00000988|00001A6D|00001A6D|00005001|00000019|00000001|
|0000098c|00000000|0000F200|0000F200|0000001A|00000019|
|00000993|00002AC2|00002AC2|00001005|0000001B|00000005|
|00000999|00002AC2|00002AC2|00005004|0000001C|00000004|
|0000099d|00000000|0000F200|0000F200|0000001D|0000001C|
|000009a4|00002AC2|00002AC2|00001005|0000001E|00000005|
|000009ab|0000452F|00001A6D|00001001|0000001F|00000001|
|000009b1|0000452F|0000452F|00005005|00000020|00000005|
|000009b8|00000001|00000001|00004006|00000021|00000006|
|000009bc|00000000|0000F400|0000F400|00000022|00000021|
|000009c2|00000000|00000000|00005006|00000023|00000006|
|000009c6|00000000|00000014|00006014|00000014|00000023|
|000009cd|00000000|00000000|00003006|00000015|00000006|
|000009d1|00000000|00000024|00006024|00000024|00000015|
|000009d4|00000000|0000F000|0000F000|00000025|00000024|
|000009d8|00000000|0000F200|0000F200|00000026|00000025|
|000009df|003D0900|003D0900|00001002|00000027|00000002|
|000009e6|003CDE3E|00002AC2|00002004|00000028|00000004|
|000009ec|003CDE3E|003CDE3E|00005002|00000029|00000002|
|000009f0|003CDE3E|00000008|00006008|00000008|00000029|
|000009f7|003CDE3E|003CDE3E|00003002|0000000A|00000002|
|000009fb|00000000|0000F200|0000F200|0000000B|0000000A|
|00000a02|003D0900|003D0900|00001003|0000000C|00000003|
|00000a08|003D0900|003D0900|00005002|0000000D|00000002|
|00000a0c|00000000|0000F200|0000F200|0000000E|0000000D|
|00000a13|00000D36|00000D36|00001000|0000000F|00000000|
|00000a1a|000037F8|00002AC2|00001004|00000010|00000004|
|00000a20|000037F8|000037F8|00005000|00000011|00000000|
|00000a24|00000000|0000F200|0000F200|00000012|00000011|
|00000a29|00000003|00000003|00001803|00000013|00000012|
|00000a2f|00000003|00000003|00005006|00000014|00000006|
|00000a36|00000003|00000003|00003006|00000016|00000006|
|00000a3a|00000000|0000F200|0000F200|00000017|00000016|
|00000a41|00002AC2|00002AC2|00001004|00000018|00000004|
|00000a47|00002AC2|00002AC2|00005001|00000019|00000001|
|00000a4b|00000000|0000F200|0000F200|0000001A|00000019|
|00000a52|0000452F|0000452F|00001005|0000001B|00000005|
|00000a58|0000452F|0000452F|00005004|0000001C|00000004|
|00000a5c|00000000|0000F200|0000F200|0000001D|0000001C|
|00000a63|0000452F|0000452F|00001005|0000001E|00000005|
|00000a6a|00006FF1|00002AC2|00001001|0000001F|00000001|
|00000a70|00006FF1|00006FF1|00005005|00000020|00000005|
|00000a77|00000003|00000003|00004006|00000021|00000006|
|00000a7b|00000002|0000F400|0000F400|00000022|00000021|
|00000a81|00000002|00000002|00005006|00000023|00000006|
|00000a85|00000002|00000014|00006014|00000014|00000023|
|00000a8c|00000002|00000002|00003006|00000016|00000006|
|00000a90|00000000|0000F200|0000F200|00000017|00000016|
|00000a97|0000452F|0000452F|00001004|00000018|00000004|
|00000a9d|0000452F|0000452F|00005001|00000019|00000001|
|00000aa1|00000000|0000F200|0000F200|0000001A|00000019|
|00000aa8|00006FF1|00006FF1|00001005|0000001B|00000005|
|00000aae|00006FF1|00006FF1|00005004|0000001C|00000004|
|00000ab2|00000000|0000F200|0000F200|0000001D|0000001C|
|00000ab9|00006FF1|00006FF1|00001005|0000001E|00000005|
|00000ac0|0000B520|0000452F|00001001|0000001F|00000001|
|00000ac6|0000B520|0000B520|00005005|00000020|00000005|
|00000acd|00000002|00000002|00004006|00000021|00000006|
|00000ad1|00000001|0000F400|0000F400|00000022|00000021|
|00000ad7|00000001|00000001|00005006|00000023|00000006|
|00000adb|00000001|00000014|00006014|00000014|00000023|
|00000ae2|00000001|00000001|00003006|00000016|00000006|
|00000ae6|00000000|0000F200|0000F200|00000017|00000016|
|00000aed|00006FF1|00006FF1|00001004|00000018|00000004|
|00000af3|00006FF1|00006FF1|00005001|00000019|00000001|
|00000af7|00000000|0000F200|0000F200|0000001A|00000019|
|00000afe|0000B520|0000B520|00001005|0000001B|00000005|
|00000b04|0000B520|0000B520|00005004|0000001C|00000004|
|00000b08|00000000|0000F200|0000F200|0000001D|0000001C|
|00000b0f|0000B520|0000B520|00001005|0000001E|00000005|
|00000b16|00012511|00006FF1|00001001|0000001F|00000001|
|00000b1c|00012511|00012511|00005005|00000020|00000005|
|00000b23|00000001|00000001|00004006|00000021|00000006|
|00000b27|00000000|0000F400|0000F400|00000022|00000021|
|00000b2d|00000000|00000000|00005006|00000023|00000006|
|00000b31|00000000|00000014|00006014|00000014|00000023|
|00000b38|00000000|00000000|00003006|00000015|00000006|
|00000b3c|00000000|00000024|00006024|00000024|00000015|
|00000b3f|00000000|0000F000|0000F000|00000025|00000024|
|00000b43|00000000|0000F200|0000F200|00000026|00000025|
|00000b4a|003D0900|003D0900|00001002|00000027|00000002|
|00000b51|003C53E0|0000B520|00002004|00000028|00000004|
|00000b57|003C53E0|003C53E0|00005002|00000029|00000002|
|00000b5b|003C53E0|00000008|00006008|00000008|00000029|
|00000b62|003C53E0|003C53E0|00003002|0000000A|00000002|
|00000b66|00000000|0000F200|0000F200|0000000B|0000000A|
|00000b6d|003D0900|003D0900|00001003|0000000C|00000003|
|00000b73|003D0900|003D0900|00005002|0000000D|00000002|
|00000b77|00000000|0000F200|0000F200|0000000E|0000000D|
|00000b7e|000037F8|000037F8|00001000|0000000F|00000000|
|00000b85|0000ED18|0000B520|00001004|00000010|00000004|
|00000b8b|0000ED18|0000ED18|00005000|00000011|00000000|
|00000b8f|00000000|0000F200|0000F200|00000012|00000011|
|00000b94|00000003|00000003|00001803|00000013|00000012|
|00000b9a|00000003|00000003|00005006|00000014|00000006|
|00000ba1|00000003|00000003|00003006|00000016|00000006|
|00000ba5|00000000|0000F200|0000F200|00000017|00000016|
|00000bac|0000B520|0000B520|00001004|00000018|00000004|
|00000bb2|0000B520|0000B520|00005001|00000019|00000001|
|00000bb6|00000000|0000F200|0000F200|0000001A|00000019|
|00000bbd|00012511|00012511|00001005|0000001B|00000005|
|00000bc3|00012511|00012511|00005004|0000001C|00000004|
|00000bc7|00000000|0000F200|0000F200|0000001D|0000001C|
|00000bce|00012511|00012511|00001005|0000001E|00000005|
|00000bd5|0001DA31|0000B520|00001001|0000001F|00000001|
|00000bdb|0001DA31|0001DA31|00005005|00000020|00000005|
|00000be2|00000003|00000003|00004006|00000021|00000006|
|00000be6|00000002|0000F400|0000F400|00000022|00000021|
|00000bec|00000002|00000002|00005006|00000023|00000006|
|00000bf0|00000002|00000014|00006014|00000014|00000023|
|00000bf7|00000002|00000002|00003006|00000016|00000006|
|00000bfb|00000000|0000F200|0000F200|00000017|00000016|
|00000c02|00012511|00012511|00001004|00000018|00000004|
|00000c08|00012511|00012511|00005001|00000019|00000001|
|00000c0c|00000000|0000F200|0000F200|0000001A|00000019|
|00000c13|0001DA31|0001DA31|00001005|0000001B|00000005|
|00000c19|0001DA31|0001DA31|00005004|0000001C|00000004|
|00000c1d|00000000|0000F200|0000F200|0000001D|0000001C|
|00000c24|0001DA31|0001DA31|00001005|0000001E|00000005|
|00000c2b|0002FF42|00012511|00001001|0000001F|00000001|
|00000c31|0002FF42|0002FF42|00005005|00000020|00000005|
|00000c38|00000002|00000002|00004006|00000021|00000006|
|00000c3c|00000001|0000F400|0000F400|00000022|00000021|
|00000c42|00000001|00000001|00005006|00000023|00000006|
|00000c46|00000001|00000014|00006014|00000014|00000023|
|00000c4d|00000001|00000001|00003006|00000016|00000006|
|00000c51|00000000|0000F200|0000F200|00000017|00000016|
|00000c58|0001DA31|0001DA31|00001004|00000018|00000004|
|00000c5e|0001DA31|0001DA31|00005001|00000019|00000001|
|00000c62|00000000|0000F200|0000F200|0000001A|00000019|
|00000c69|0002FF42|0002FF42|00001005|0000001B|00000005|
|00000c6f|0002FF42|0002FF42|00005004|0000001C|00000004|
|00000c73|00000000|0000F200|0000F200|0000001D|0000001C|
|00000c7a|0002FF42|0002FF42|00001005|0000001E|00000005|
|00000c81|0004D973|0001DA31|00001001|0000001F|00000001|
|00000c87|0004D973|0004D973|00005005|00000020|00000005|
|00000c8e|00000001|00000001|00004006|00000021|00000006|
|00000c92|00000000|0000F400|0000F400|00000022|00000021|
|00000c98|00000000|00000000|00005006|00000023|00000006|
|00000c9c|00000000|00000014|00006014|00000014|00000023|
|00000ca3|00000000|00000000|00003006|00000015|00000006|
|00000ca7|00000000|00000024|00006024|00000024|00000015|
|00000caa|00000000|0000F000|0000F000|00000025|00000024|
|00000cae|00000000|0000F200|0000F200|00000026|00000025|
|00000cb5|003D0900|003D0900|00001002|00000027|00000002|
|00000cbc|003A09BE|0002FF42|00002004|00000028|00000004|
|00000cc2|003A09BE|003A09BE|00005002|00000029|00000002|
|00000cc6|003A09BE|00000008|00006008|00000008|00000029|
|00000ccd|003A09BE|003A09BE|00003002|0000000A|00000002|
|00000cd1|00000000|0000F200|0000F200|0000000B|0000000A|
|00000cd8|003D0900|003D0900|00001003|0000000C|00000003|
|00000cde|003D0900|003D0900|00005002|0000000D|00000002|
|00000ce2|00000000|0000F200|0000F200|0000000E|0000000D|
|00000ce9|0000ED18|0000ED18|00001000|0000000F|00000000|
|00000cf0|0003EC5A|0002FF42|00001004|00000010|00000004|
|00000cf6|0003EC5A|0003EC5A|00005000|00000011|00000000|
|00000cfa|00000000|0000F200|0000F200|00000012|00000011|
|00000cff|00000003|00000003|00001803|00000013|00000012|
|00000d05|00000003|00000003|00005006|00000014|00000006|
|00000d0c|00000003|00000003|00003006|00000016|00000006|
|00000d10|00000000|0000F200|0000F200|00000017|00000016|
|00000d17|0002FF42|0002FF42|00001004|00000018|00000004|
|00000d1d|0002FF42|0002FF42|00005001|00000019|00000001|
|00000d21|00000000|0000F200|0000F200|0000001A|00000019|
|00000d28|0004D973|0004D973|00001005|0000001B|00000005|
|00000d2e|0004D973|0004D973|00005004|0000001C|00000004|
|00000d32|00000000|0000F200|0000F200|0000001D|0000001C|
|00000d39|0004D973|0004D973|00001005|0000001E|00000005|
|00000d40|0007D8B5|0002FF42|00001001|0000001F|00000001|
|00000d46|0007D8B5|0007D8B5|00005005|00000020|00000005|
|00000d4d|00000003|00000003|00004006|00000021|00000006|
|00000d51|00000002|0000F400|0000F400|00000022|00000021|
|00000d57|00000002|00000002|00005006|00000023|00000006|
|00000d5b|00000002|00000014|00006014|00000014|00000023|
|00000d62|00000002|00000002|00003006|00000016|00000006|
|00000d66|00000000|0000F200|0000F200|00000017|00000016|
|00000d6d|0004D973|0004D973|00001004|00000018|00000004|
|00000d73|0004D973|0004D973|00005001|00000019|00000001|
|00000d77|00000000|0000F200|0000F200|0000001A|00000019|
|00000d7e|0007D8B5|0007D8B5|00001005|0000001B|00000005|
|00000d84|0007D8B5|0007D8B5|00005004|0000001C|00000004|
|00000d88|00000000|0000F200|0000F200|0000001D|0000001C|
|00000d8f|0007D8B5|0007D8B5|00001005|0000001E|00000005|
|00000d96|000CB228|0004D973|00001001|0000001F|00000001|
|00000d9c|000CB228|000CB228|00005005|00000020|00000005|
|00000da3|00000002|00000002|00004006|00000021|00000006|
|00000da7|00000001|0000F400|0000F400|00000022|00000021|
|00000dad|00000001|00000001|00005006|00000023|00000006|
|00000db1|00000001|00000014|00006014|00000014|00000023|
|00000db8|00000001|00000001|00003006|00000016|00000006|
|00000dbc|00000000|0000F200|0000F200|00000017|00000016|
|00000dc3|0007D8B5|0007D8B5|00001004|00000018|00000004|
|00000dc9|0007D8B5|0007D8B5|00005001|00000019|00000001|
|00000dcd|00000000|0000F200|0000F200|0000001A|00000019|
|00000dd4|000CB228|000CB228|00001005|0000001B|00000005|
|00000dda|000CB228|000CB228|00005004|0000001C|00000004|
|00000dde|00000000|0000F200|0000F200|0000001D|0000001C|
|00000de5|000CB228|000CB228|00001005|0000001E|00000005|
|00000dec|00148ADD|0007D8B5|00001001|0000001F|00000001|
|00000df2|00148ADD|00148ADD|00005005|00000020|00000005|
|00000df9|00000001|00000001|00004006|00000021|00000006|
|00000dfd|00000000|0000F400|0000F400|00000022|00000021|
|00000e03|00000000|00000000|00005006|00000023|00000006|
|00000e07|00000000|00000014|00006014|00000014|00000023|
|00000e0e|00000000|00000000|00003006|00000015|00000006|
|00000e12|00000000|00000024|00006024|00000024|00000015|
|00000e15|00000000|0000F000|0000F000|00000025|00000024|
|00000e19|00000000|0000F200|0000F200|00000026|00000025|
|00000e20|003D0900|003D0900|00001002|00000027|00000002|
|00000e27|003056D8|000CB228|00002004|00000028|00000004|
|00000e2d|003056D8|003056D8|00005002|00000029|00000002|
|00000e31|003056D8|00000008|00006008|00000008|00000029|
|00000e38|003056D8|003056D8|00003002|0000000A|00000002|
|00000e3c|00000000|0000F200|0000F200|0000000B|0000000A|
|00000e43|003D0900|003D0900|00001003|0000000C|00000003|
|00000e49|003D0900|003D0900|00005002|0000000D|00000002|
|00000e4d|00000000|0000F200|0000F200|0000000E|0000000D|
|00000e54|0003EC5A|0003EC5A|00001000|0000000F|00000000|
|00000e5b|00109E82|000CB228|00001004|00000010|00000004|
|00000e61|00109E82|00109E82|00005000|00000011|00000000|
|00000e65|00000000|0000F200|0000F200|00000012|00000011|
|00000e6a|00000003|00000003|00001803|00000013|00000012|
|00000e70|00000003|00000003|00005006|00000014|00000006|
|00000e77|00000003|00000003|00003006|00000016|00000006|
|00000e7b|00000000|0000F200|0000F200|00000017|00000016|
|00000e82|000CB228|000CB228|00001004|00000018|00000004|
|00000e88|000CB228|000CB228|00005001|00000019|00000001|
|00000e8c|00000000|0000F200|0000F200|0000001A|00000019|
|00000e93|00148ADD|00148ADD|00001005|0000001B|00000005|
|00000e99|00148ADD|00148ADD|00005004|0000001C|00000004|
|00000e9d|00000000|0000F200|0000F200|0000001D|0000001C|
|00000ea4|00148ADD|00148ADD|00001005|0000001E|00000005|
|00000eab|00213D05|000CB228|00001001|0000001F|00000001|
|00000eb1|00213D05|00213D05|00005005|00000020|00000005|
|00000eb8|00000003|00000003|00004006|00000021|00000006|
|00000ebc|00000002|0000F400|0000F400|00000022|00000021|
|00000ec2|00000002|00000002|00005006|00000023|00000006|
|00000ec6|00000002|00000014|00006014|00000014|00000023|
|00000ecd|00000002|00000002|00003006|00000016|00000006|
|00000ed1|00000000|0000F200|0000F200|00000017|00000016|
|00000ed8|00148ADD|00148ADD|00001004|00000018|00000004|
|00000ede|00148ADD|00148ADD|00005001|00000019|00000001|
|00000ee2|00000000|0000F200|0000F200|0000001A|00000019|
|00000ee9|00213D05|00213D05|00001005|0000001B|00000005|
|00000eef|00213D05|00213D05|00005004|0000001C|00000004|
|00000ef3|00000000|0000F200|0000F200|0000001D|0000001C|
|00000efa|00213D05|00213D05|00001005|0000001E|00000005|
|00000f01|0035C7E2|00148ADD|00001001|0000001F|00000001|
|00000f07|0035C7E2|0035C7E2|00005005|00000020|00000005|
|00000f0e|00000002|00000002|00004006|00000021|00000006|
|00000f12|00000001|0000F400|0000F400|00000022|00000021|
|00000f18|00000001|00000001|00005006|00000023|00000006|
|00000f1c|00000001|00000014|00006014|00000014|00000023|
|00000f23|00000001|00000001|00003006|00000016|00000006|
|00000f27|00000000|0000F200|0000F200|00000017|00000016|
|00000f2e|00213D05|00213D05|00001004|00000018|00000004|
|00000f34|00213D05|00213D05|00005001|00000019|00000001|
|00000f38|00000000|0000F200|0000F200|0000001A|00000019|
|00000f3f|0035C7E2|0035C7E2|00001005|0000001B|00000005|
|00000f45|0035C7E2|0035C7E2|00005004|0000001C|00000004|
|00000f49|00000000|0000F200|0000F200|0000001D|0000001C|
|00000f50|0035C7E2|0035C7E2|00001005|0000001E|00000005|
|00000f57|005704E7|00213D05|00001001|0000001F|00000001|
|00000f5d|005704E7|005704E7|00005005|00000020|00000005|
|00000f64|00000001|00000001|00004006|00000021|00000006|
|00000f68|00000000|0000F400|0000F400|00000022|00000021|
|00000f6e|00000000|00000000|00005006|00000023|00000006|
|00000f72|00000000|00000014|00006014|00000014|00000023|
|00000f79|00000000|00000000|00003006|00000015|00000006|
|00000f7d|00000000|00000024|00006024|00000024|00000015|
|00000f80|00000000|0000F000|0000F000|00000025|00000024|
|00000f84|00000000|0000F200|0000F200|00000026|00000025|
|00000f8b|003D0900|003D0900|00001002|00000027|00000002|
|00000f92|0007411E|0035C7E2|00002004|00000028|00000004|
|00000f98|0007411E|0007411E|00005002|00000029|00000002|
|00000f9c|0007411E|00000008|00006008|00000008|00000029|
|00000fa3|0007411E|0007411E|00003002|0000000A|00000002|
|00000fa7|00000000|0000F200|0000F200|0000000B|0000000A|
|00000fae|003D0900|003D0900|00001003|0000000C|00000003|
|00000fb4|003D0900|003D0900|00005002|0000000D|00000002|
|00000fb8|00000000|0000F200|0000F200|0000000E|0000000D|
|00000fbf|00109E82|00109E82|00001000|0000000F|00000000|
|00000fc6|00466664|0035C7E2|00001004|00000010|00000004|
|00000fcc|00466664|00466664|00005000|00000011|00000000|
|00000fd0|00000000|0000F200|0000F200|00000012|00000011|
|00000fd5|00000003|00000003|00001803|00000013|00000012|
|00000fdb|00000003|00000003|00005006|00000014|00000006|
|00000fe2|00000003|00000003|00003006|00000016|00000006|
|00000fe6|00000000|0000F200|0000F200|00000017|00000016|
|00000fed|0035C7E2|0035C7E2|00001004|00000018|00000004|
|00000ff3|0035C7E2|0035C7E2|00005001|00000019|00000001|
|00000ff7|00000000|0000F200|0000F200|0000001A|00000019|
|00000ffe|005704E7|005704E7|00001005|0000001B|00000005|
|00001004|005704E7|005704E7|00005004|0000001C|00000004|
|00001008|00000000|0000F200|0000F200|0000001D|0000001C|
|0000100f|005704E7|005704E7|00001005|0000001E|00000005|
|00001016|008CCCC9|0035C7E2|00001001|0000001F|00000001|
|0000101c|008CCCC9|008CCCC9|00005005|00000020|00000005|
|00001023|00000003|00000003|00004006|00000021|00000006|
|00001027|00000002|0000F400|0000F400|00000022|00000021|
|0000102d|00000002|00000002|00005006|00000023|00000006|
|00001031|00000002|00000014|00006014|00000014|00000023|
|00001038|00000002|00000002|00003006|00000016|00000006|
|0000103c|00000000|0000F200|0000F200|00000017|00000016|
|00001043|005704E7|005704E7|00001004|00000018|00000004|
|00001049|005704E7|005704E7|00005001|00000019|00000001|
|0000104d|00000000|0000F200|0000F200|0000001A|00000019|
|00001054|008CCCC9|008CCCC9|00001005|0000001B|00000005|
|0000105a|008CCCC9|008CCCC9|00005004|0000001C|00000004|
|0000105e|00000000|0000F200|0000F200|0000001D|0000001C|
|00001065|008CCCC9|008CCCC9|00001005|0000001E|00000005|
|0000106c|00E3D1B0|005704E7|00001001|0000001F|00000001|
|00001072|00E3D1B0|00E3D1B0|00005005|00000020|00000005|
|00001079|00000002|00000002|00004006|00000021|00000006|
|0000107d|00000001|0000F400|0000F400|00000022|00000021|
|00001083|00000001|00000001|00005006|00000023|00000006|
|00001087|00000001|00000014|00006014|00000014|00000023|
|0000108e|00000001|00000001|00003006|00000016|00000006|
|00001092|00000000|0000F200|0000F200|00000017|00000016|
|00001099|008CCCC9|008CCCC9|00001004|00000018|00000004|
|0000109f|008CCCC9|008CCCC9|00005001|00000019|00000001|
|000010a3|00000000|0000F200|0000F200|0000001A|00000019|
|000010aa|00E3D1B0|00E3D1B0|00001005|0000001B|00000005|
|000010b0|00E3D1B0|00E3D1B0|00005004|0000001C|00000004|
|000010b4|00000000|0000F200|0000F200|0000001D|0000001C|
|000010bb|00E3D1B0|00E3D1B0|00001005|0000001E|00000005|
|000010c2|01709E79|008CCCC9|00001001|0000001F|00000001|
|000010c8|01709E79|01709E79|00005005|00000020|00000005|
|000010cf|00000001|00000001|00004006|00000021|00000006|
|000010d3|00000000|0000F400|0000F400|00000022|00000021|
|000010d9|00000000|00000000|00005006|00000023|00000006|
|000010dd|00000000|00000014|00006014|00000014|00000023|
|000010e4|00000000|00000000|00003006|00000015|00000006|
|000010e8|00000000|00000024|00006024|00000024|00000015|
|000010eb|00000000|0000F000|0000F000|00000025|00000024|
|000010ef|00000000|0000F200|0000F200|00000026|00000025|
|000010f6|003D0900|003D0900|00001002|00000027|00000002|
|000010fd|FF593750|00E3D1B0|00002004|00000028|00000004|
|00001103|FF593750|FF593750|00005002|00000029|00000002|
|00001107|FF593750|00000008|00006008|00000008|00000029|
|0000110e|FF593750|FF593750|00003002|00000009|00000002|
|00001112|FF593750|0000002A|0000602A|0000002A|00000009|
|00001115|FF593750|0000F000|0000F000|0000002B|0000002A|
|0000111c|00466664|00466664|00004000|0000002C|00000000|
|00001120|00466664|0000F600|0000F600|0000002D|0000002C|
|00001123|00466664|0000F100|0000F100|0000002E|0000002D|
